<?xml version="1.0" encoding="UTF-8"?>
<!-- Generated by org.testng.reporters.JUnitXMLReporter -->
<testsuite ignored="0" hostname="DESKTOP-VJ8GD4N" failures="0" tests="8" name="Default test" time="54.423" errors="0" timestamp="2023-12-26T14:29:32 IST">
  <testcase classname="com.newtour.TestCases.TC_NewtourTest" name="verifyRegister" time="8.146"/>
  <testcase classname="com.newtour.TestCases.TC_NewtourTest" name="clickOnSignOff" time="0.469"/>
  <testcase classname="com.newtour.TestCases.TC_NewtourTest" name="clickOnSignin" time="9.304"/>
  <testcase classname="com.newtour.TestCases.TC_NewtourTest" name="Flight" time="7.316"/>
  <testcase classname="com.newtour.TestCases.TC_NewtourTest" name="Hotels" time="2.128"/>
  <testcase classname="com.newtour.TestCases.TC_NewtourTest" name="carRent" time="1.664"/>
  <testcase classname="com.newtour.TestCases.TC_NewtourTest" name="Destination" time="2.212"/>
  <testcase classname="com.newtour.TestCases.TC_NewtourTest" name="Vacations" time="2.717"/>
</testsuite> <!-- Default test -->
