<?xml version="1.0" encoding="UTF-8"?>
<!-- Generated by org.testng.reporters.JUnitXMLReporter -->
<testsuite ignored="0" hostname="DESKTOP-VJ8GD4N" failures="0" tests="1" name="Test" time="0.148" errors="0" timestamp="2023-12-22T15:47:20 IST">
  <testcase classname="com.newtour.TestCases.BaseClass" name="@BeforeClass launchBrowser" time="0.025">
    <failure type="java.lang.NullPointerException" message="Cannot invoke &amp;quot;Object.equals(Object)&amp;quot; because &amp;quot;com.newtour.TestCases.BaseClass.driver&amp;quot; is null">
      <![CDATA[java.lang.NullPointerException: Cannot invoke "Object.equals(Object)" because "com.newtour.TestCases.BaseClass.driver" is null
at com.newtour.TestCases.BaseClass.launchBrowser(BaseClass.java:23)
at java.base/java.util.ArrayList.forEach(ArrayList.java:1511)
... Removed 23 stack frames]]>
    </failure>
  </testcase> <!-- @BeforeClass launchBrowser -->
  <testcase classname="com.newtour.TestCases.BaseClass" name="@AfterClass closeBrowser" time="0.0">
    <skipped/>
  </testcase> <!-- @AfterClass closeBrowser -->
  <testcase classname="com.newtour.TestCases.TC_NewtourTest" name="verifyRegister" time="0.001">
    <skipped/>
  </testcase> <!-- verifyRegister -->
</testsuite> <!-- Test -->
